<?xml version="1.0" encoding="UTF-8"?>
<!-- Generated by org.testng.reporters.JUnitReportReporter -->
<testsuite hostname="SAKSOFT099PDC" failures="0" tests="2" name="com.selenium.keyworddriven.FDTestCaseExtentReport" time="8.723" errors="0" timestamp="07 Nov 2020 11:06:22 GMT" skipped="0">
  <testcase classname="com.selenium.keyworddriven.FDTestCaseExtentReport" name="fdAmount1" time="6.129"/>
  <testcase classname="com.selenium.keyworddriven.FDTestCaseExtentReport" name="fdAmount2" time="2.594"/>
</testsuite> <!-- com.selenium.keyworddriven.FDTestCaseExtentReport -->
