<?xml version="1.0" encoding="UTF-8"?>
<!-- Generated by org.testng.reporters.JUnitReportReporter -->
<testsuite hostname="SAKSOFT099PDC" failures="0" tests="1" name="com.selenium.webobject.JavaScriptExecutorCode" time="5.895" errors="0" timestamp="18 Oct 2020 05:22:17 GMT" skipped="0">
  <testcase classname="com.selenium.webobject.JavaScriptExecutorCode" name="javaScriptExec" time="5.895"/>
</testsuite> <!-- com.selenium.webobject.JavaScriptExecutorCode -->
