<?xml version="1.0" encoding="UTF-8"?>
<!-- Generated by org.testng.reporters.JUnitReportReporter -->
<testsuite hostname="SAKSOFT099PDC" failures="0" tests="1" name="com.selenium.webobject.handleFrame" time="4.519" errors="0" timestamp="18 Oct 2020 04:40:29 GMT" skipped="0">
  <testcase classname="com.selenium.webobject.handleFrame" name="handleFrameCode" time="4.519"/>
</testsuite> <!-- com.selenium.webobject.handleFrame -->
