<?xml version="1.0" encoding="UTF-8"?>
<!-- Generated by org.testng.reporters.JUnitReportReporter -->
<testsuite hostname="SAKSOFT099PDC" failures="0" tests="4" name="com.selenium.testng.BrowserCode" time="37.823" errors="0" timestamp="01 Nov 2020 03:20:45 GMT" skipped="0">
  <testcase classname="com.selenium.testng.BrowserCode" name="chrome" time="9.949"/>
  <testcase classname="com.selenium.testng.BrowserCode" name="firefox" time="9.584"/>
  <testcase classname="com.selenium.testng.BrowserCode" name="edge" time="8.570"/>
  <testcase classname="com.selenium.testng.BrowserCode" name="opera" time="9.720"/>
</testsuite> <!-- com.selenium.testng.BrowserCode -->
