<?xml version="1.0" encoding="UTF-8"?>
<!-- Generated by org.testng.reporters.JUnitReportReporter -->
<testsuite hostname="SAKSOFT099PDC" failures="0" tests="2" name="com.selenium.testng.LoginTC_DependOn" time="4.969" errors="0" timestamp="01 Nov 2020 03:20:45 GMT" skipped="0">
  <testcase classname="com.selenium.testng.LoginTC_DependOn" name="loginTestUser" time="2.983"/>
  <testcase classname="com.selenium.testng.LoginTC_DependOn" name="logoutTestUser" time="1.986"/>
</testsuite> <!-- com.selenium.testng.LoginTC_DependOn -->
