<?xml version="1.0" encoding="UTF-8"?>
<!-- Generated by org.testng.reporters.JUnitReportReporter -->
<testsuite hostname="SAKSOFT099PDC" failures="0" tests="2" name="com.selenium.testng.LoginTC" time="7.962" errors="0" timestamp="01 Nov 2020 03:20:45 GMT" skipped="0">
  <testcase classname="com.selenium.testng.LoginTC" name="loginTestUser" time="5.722"/>
  <testcase classname="com.selenium.testng.LoginTC" name="loginAdmin" time="2.240"/>
</testsuite> <!-- com.selenium.testng.LoginTC -->
