<?xml version="1.0" encoding="UTF-8"?>
<!-- Generated by org.testng.reporters.JUnitReportReporter -->
<testsuite hostname="SAKSOFT099PDC" failures="0" tests="1" name="com.selenium.webobject.TakeScreenshotCode" time="15.224" errors="0" timestamp="01 Nov 2020 03:41:23 GMT" skipped="0">
  <testcase classname="com.selenium.webobject.TakeScreenshotCode" name="f" time="15.224"/>
</testsuite> <!-- com.selenium.webobject.TakeScreenshotCode -->
