<?xml version="1.0" encoding="UTF-8"?>
<!-- Generated by org.testng.reporters.JUnitReportReporter -->
<testsuite hostname="SAKSOFT099PDC" failures="0" tests="4" name="com.selenium.webobject.HandleWebObject" time="5.199" errors="0" timestamp="18 Oct 2020 03:43:50 GMT" skipped="0">
  <testcase classname="com.selenium.webobject.HandleWebObject" name="textBox" time="4.673"/>
  <testcase classname="com.selenium.webobject.HandleWebObject" name="radioButton" time="0.235"/>
  <testcase classname="com.selenium.webobject.HandleWebObject" name="checkBox" time="0.154"/>
  <testcase classname="com.selenium.webobject.HandleWebObject" name="dropDown" time="0.137"/>
</testsuite> <!-- com.selenium.webobject.HandleWebObject -->
