<?xml version="1.0" encoding="UTF-8"?>
<!-- Generated by org.testng.reporters.JUnitReportReporter -->
<testsuite hostname="SAKSOFT099PDC" failures="0" tests="3" name="com.selenium.datadriven.DataDriven_DataProvider" time="14.715" errors="0" timestamp="08 Nov 2020 11:00:47 GMT" skipped="0">
  <testcase classname="com.selenium.datadriven.DataDriven_DataProvider" name="fdAmount" time="5.771"/>
  <testcase classname="com.selenium.datadriven.DataDriven_DataProvider" name="fdAmount" time="4.210"/>
  <testcase classname="com.selenium.datadriven.DataDriven_DataProvider" name="fdAmount" time="4.734"/>
</testsuite> <!-- com.selenium.datadriven.DataDriven_DataProvider -->
