<?xml version="1.0" encoding="UTF-8"?>
<!-- Generated by org.testng.reporters.JUnitReportReporter -->
<testsuite hostname="SAKSOFT099PDC" failures="0" tests="3" name="com.selenium.webobject.CountWebObject" time="4.342" errors="0" timestamp="18 Oct 2020 04:13:32 GMT" skipped="0">
  <testcase classname="com.selenium.webobject.CountWebObject" name="countRadio" time="4.212"/>
  <testcase classname="com.selenium.webobject.CountWebObject" name="countCheckbox" time="0.086"/>
  <testcase classname="com.selenium.webobject.CountWebObject" name="countdropdownlist" time="0.044"/>
</testsuite> <!-- com.selenium.webobject.CountWebObject -->
