<?xml version="1.0" encoding="UTF-8"?>
<!-- Generated by org.testng.reporters.JUnitReportReporter -->
<testsuite hostname="SAKSOFT099PDC" failures="0" tests="2" name="com.selenium.testng.HardAssertCode" time="3.104" errors="0" timestamp="17 Oct 2020 04:11:44 GMT" skipped="0">
  <testcase classname="com.selenium.testng.HardAssertCode" name="loginTestUser" time="2.163"/>
  <testcase classname="com.selenium.testng.HardAssertCode" name="logoutTestUser" time="0.941"/>
</testsuite> <!-- com.selenium.testng.HardAssertCode -->
