<?xml version="1.0" encoding="UTF-8"?>
<!-- Generated by org.testng.reporters.JUnitReportReporter -->
<testsuite hostname="SAKSOFT099PDC" failures="0" tests="1" name="com.selenium.datadriven.FD_DataDriven" time="22.183" errors="0" timestamp="08 Nov 2020 10:22:15 GMT" skipped="0">
  <testcase classname="com.selenium.datadriven.FD_DataDriven" name="fdAmount1" time="22.183"/>
</testsuite> <!-- com.selenium.datadriven.FD_DataDriven -->
