<?xml version="1.0" encoding="UTF-8"?>
<!-- Generated by org.testng.reporters.JUnitReportReporter -->
<testsuite hostname="SAKSOFT099PDC" failures="0" tests="4" name="com.selenium.testng.BrowserCode3" time="66.514" errors="0" timestamp="16 Oct 2020 06:33:39 GMT" skipped="0">
  <testcase classname="com.selenium.testng.BrowserCode3" name="chrome" time="14.418"/>
  <testcase classname="com.selenium.testng.BrowserCode3" name="firfox" time="22.160"/>
  <testcase classname="com.selenium.testng.BrowserCode3" name="edge" time="21.172"/>
  <testcase classname="com.selenium.testng.BrowserCode3" name="opera" time="8.764"/>
</testsuite> <!-- com.selenium.testng.BrowserCode3 -->
