<?xml version="1.0" encoding="UTF-8"?>
<!-- Generated by org.testng.reporters.JUnitReportReporter -->
<testsuite hostname="SAKSOFT099PDC" failures="0" tests="2" name="com.selenium.testng.LoginTC_InovationCount" time="7.310" errors="0" timestamp="17 Oct 2020 03:24:55 GMT" skipped="0">
  <testcase classname="com.selenium.testng.LoginTC_InovationCount" name="loginTestUser" time="5.179"/>
  <testcase classname="com.selenium.testng.LoginTC_InovationCount" name="loginTestUser" time="2.131"/>
</testsuite> <!-- com.selenium.testng.LoginTC_InovationCount -->
