<?xml version="1.0" encoding="UTF-8"?>
<!-- Generated by org.testng.reporters.JUnitReportReporter -->
<testsuite hostname="SAKSOFT099PDC" failures="0" tests="2" name="com.selenium.keyworddriven.FDTestCase" time="10.212" errors="0" timestamp="07 Nov 2020 11:27:01 GMT" skipped="0">
  <testcase classname="com.selenium.keyworddriven.FDTestCase" name="fdAmount1" time="7.670"/>
  <testcase classname="com.selenium.keyworddriven.FDTestCase" name="fdAmount2" time="2.542"/>
</testsuite> <!-- com.selenium.keyworddriven.FDTestCase -->
