<?xml version="1.0" encoding="UTF-8"?>
<!-- Generated by org.testng.reporters.JUnitReportReporter -->
<testsuite hostname="SAKSOFT099PDC" failures="0" tests="4" name="com.selenium.testng.BrowserCode_WebdriverManager" time="28.901" errors="0" timestamp="18 Oct 2020 03:09:31 GMT" skipped="0">
  <testcase classname="com.selenium.testng.BrowserCode_WebdriverManager" name="chrome" time="6.202"/>
  <testcase classname="com.selenium.testng.BrowserCode_WebdriverManager" name="firefox" time="9.235"/>
  <testcase classname="com.selenium.testng.BrowserCode_WebdriverManager" name="edge" time="7.327"/>
  <testcase classname="com.selenium.testng.BrowserCode_WebdriverManager" name="opera" time="6.137"/>
</testsuite> <!-- com.selenium.testng.BrowserCode_WebdriverManager -->
